2025-05-07 15:41:17,622 - INFO - YAML file config/config.yaml read successfully.
2025-05-07 15:41:17,623 - INFO - loading data from RAW directory
2025-05-07 15:41:17,623 - INFO - Loading data from artifacts/raw\train.csv
2025-05-07 15:41:17,663 - INFO - Loading data from artifacts/raw\test.csv
2025-05-07 15:41:17,694 - INFO - Starting data preprocessing...      Booking_ID  no_of_adults  ...  no_of_special_requests  booking_status
0       INN25630             2  ...                       0    Not_Canceled
1       INN14474             2  ...                       2    Not_Canceled
2       INN23721             2  ...                       0        Canceled
3       INN05844             2  ...                       0    Not_Canceled
4       INN18710             1  ...                       0        Canceled
...          ...           ...  ...                     ...             ...
29015   INN16851             2  ...                       2    Not_Canceled
29016   INN06266             1  ...                       0        Canceled
29017   INN11285             2  ...                       1    Not_Canceled
29018   INN00861             2  ...                       0        Canceled
29019   INN15796             2  ...                       0    Not_Canceled

[29020 rows x 19 columns]
2025-05-07 15:41:17,694 - INFO - Dropping unnecessary columns...
2025-05-07 15:41:17,696 - INFO - Dropped duplicate rows.
2025-05-07 15:41:17,707 - INFO - Categorical and numerical columns...
2025-05-07 15:41:17,707 - INFO - Applying label encoding to categorical columns...
2025-05-07 15:41:17,717 - INFO - Labels mappings are: 
2025-05-07 15:41:17,717 - ERROR - Error during preprocess local variable 'mapping' referenced before assignment
2025-05-07 15:41:17,717 - ERROR - Error while preprocess pipeline CustomException.__init__() missing 1 required positional argument: 'error_detail'
2025-05-07 15:45:09,738 - INFO - YAML file config/config.yaml read successfully.
2025-05-07 15:45:09,739 - INFO - loading data from RAW directory
2025-05-07 15:45:09,739 - INFO - Loading data from artifacts/raw\train.csv
2025-05-07 15:45:09,770 - INFO - Loading data from artifacts/raw\test.csv
2025-05-07 15:45:09,779 - INFO - Starting data preprocessing...
2025-05-07 15:45:09,779 - INFO - Dropping unnecessary columns...
2025-05-07 15:45:09,781 - INFO - Dropped duplicate rows.
2025-05-07 15:45:09,789 - INFO - Categorical and numerical columns...
2025-05-07 15:45:09,790 - INFO - Applying label encoding to categorical columns...
2025-05-07 15:45:09,798 - INFO - Labels mappings are: 
2025-05-07 15:45:09,798 - INFO - type_of_meal_plan : {'Meal Plan 1': np.int64(0), 'Meal Plan 2': np.int64(1), 'Meal Plan 3': np.int64(2), 'Not Selected': np.int64(3)}
2025-05-07 15:45:09,799 - INFO - required_car_parking_space : {np.int64(0): np.int64(0), np.int64(1): np.int64(1)}
2025-05-07 15:45:09,799 - INFO - room_type_reserved : {'Room_Type 1': np.int64(0), 'Room_Type 2': np.int64(1), 'Room_Type 3': np.int64(2), 'Room_Type 4': np.int64(3), 'Room_Type 5': np.int64(4), 'Room_Type 6': np.int64(5), 'Room_Type 7': np.int64(6)}
2025-05-07 15:45:09,799 - INFO - market_segment_type : {'Aviation': np.int64(0), 'Complementary': np.int64(1), 'Corporate': np.int64(2), 'Offline': np.int64(3), 'Online': np.int64(4)}
2025-05-07 15:45:09,799 - INFO - repeated_guest : {np.int64(0): np.int64(0), np.int64(1): np.int64(1)}
2025-05-07 15:45:09,799 - INFO - booking_status : {'Canceled': np.int64(0), 'Not_Canceled': np.int64(1)}
2025-05-07 15:45:09,799 - INFO - Skewness handling
2025-05-07 15:45:09,801 - INFO - Starting data preprocessing...
2025-05-07 15:45:09,801 - INFO - Dropping unnecessary columns...
2025-05-07 15:45:09,801 - INFO - Dropped duplicate rows.
2025-05-07 15:45:09,804 - INFO - Categorical and numerical columns...
2025-05-07 15:45:09,804 - INFO - Applying label encoding to categorical columns...
2025-05-07 15:45:09,807 - INFO - Labels mappings are: 
2025-05-07 15:45:09,807 - INFO - type_of_meal_plan : {'Meal Plan 1': np.int64(0), 'Meal Plan 2': np.int64(1), 'Meal Plan 3': np.int64(2), 'Not Selected': np.int64(3)}
2025-05-07 15:45:09,807 - INFO - required_car_parking_space : {np.int64(0): np.int64(0), np.int64(1): np.int64(1)}
2025-05-07 15:45:09,807 - INFO - room_type_reserved : {'Room_Type 1': np.int64(0), 'Room_Type 2': np.int64(1), 'Room_Type 3': np.int64(2), 'Room_Type 4': np.int64(3), 'Room_Type 5': np.int64(4), 'Room_Type 6': np.int64(5), 'Room_Type 7': np.int64(6)}
2025-05-07 15:45:09,807 - INFO - market_segment_type : {'Aviation': np.int64(0), 'Complementary': np.int64(1), 'Corporate': np.int64(2), 'Offline': np.int64(3), 'Online': np.int64(4)}
2025-05-07 15:45:09,807 - INFO - repeated_guest : {np.int64(0): np.int64(0), np.int64(1): np.int64(1)}
2025-05-07 15:45:09,807 - INFO - booking_status : {'Canceled': np.int64(0), 'Not_Canceled': np.int64(1)}
2025-05-07 15:45:09,807 - INFO - Skewness handling
2025-05-07 15:45:09,809 - INFO - Handling Imbalanced data
2025-05-07 15:45:11,402 - INFO - Data balanced succesfully
2025-05-07 15:45:11,404 - INFO - Stating feature selection
2025-05-07 15:45:11,407 - INFO - RandomForest starting...
2025-05-07 15:45:14,348 - INFO - Selecting features
2025-05-07 15:45:14,366 - ERROR - Error while feature selection unhashable type: 'list'
2025-05-07 15:45:14,366 - ERROR - Error while preprocess pipeline 'TypeError' object has no attribute 'exc_info'
2025-05-07 15:59:19,012 - INFO - YAML file config/config.yaml read successfully.
2025-05-07 15:59:19,012 - INFO - loading data from RAW directory
2025-05-07 15:59:19,012 - INFO - Loading data from artifacts/raw\train.csv
2025-05-07 15:59:19,045 - INFO - Loading data from artifacts/raw\test.csv
2025-05-07 15:59:19,054 - INFO - Starting data preprocessing...
2025-05-07 15:59:19,054 - INFO - Dropping unnecessary columns...
2025-05-07 15:59:19,056 - INFO - Dropped duplicate rows.
2025-05-07 15:59:19,065 - INFO - Categorical and numerical columns...
2025-05-07 15:59:19,066 - INFO - Applying label encoding to categorical columns...
2025-05-07 15:59:19,076 - INFO - Labels mappings are: 
2025-05-07 15:59:19,076 - INFO - type_of_meal_plan : {'Meal Plan 1': np.int64(0), 'Meal Plan 2': np.int64(1), 'Meal Plan 3': np.int64(2), 'Not Selected': np.int64(3)}
2025-05-07 15:59:19,076 - INFO - required_car_parking_space : {np.int64(0): np.int64(0), np.int64(1): np.int64(1)}
2025-05-07 15:59:19,076 - INFO - room_type_reserved : {'Room_Type 1': np.int64(0), 'Room_Type 2': np.int64(1), 'Room_Type 3': np.int64(2), 'Room_Type 4': np.int64(3), 'Room_Type 5': np.int64(4), 'Room_Type 6': np.int64(5), 'Room_Type 7': np.int64(6)}
2025-05-07 15:59:19,076 - INFO - market_segment_type : {'Aviation': np.int64(0), 'Complementary': np.int64(1), 'Corporate': np.int64(2), 'Offline': np.int64(3), 'Online': np.int64(4)}
2025-05-07 15:59:19,076 - INFO - repeated_guest : {np.int64(0): np.int64(0), np.int64(1): np.int64(1)}
2025-05-07 15:59:19,076 - INFO - booking_status : {'Canceled': np.int64(0), 'Not_Canceled': np.int64(1)}
2025-05-07 15:59:19,076 - INFO - Skewness handling
2025-05-07 15:59:19,079 - INFO - Starting data preprocessing...
2025-05-07 15:59:19,079 - INFO - Dropping unnecessary columns...
2025-05-07 15:59:19,080 - INFO - Dropped duplicate rows.
2025-05-07 15:59:19,084 - INFO - Categorical and numerical columns...
2025-05-07 15:59:19,084 - INFO - Applying label encoding to categorical columns...
2025-05-07 15:59:19,088 - INFO - Labels mappings are: 
2025-05-07 15:59:19,088 - INFO - type_of_meal_plan : {'Meal Plan 1': np.int64(0), 'Meal Plan 2': np.int64(1), 'Meal Plan 3': np.int64(2), 'Not Selected': np.int64(3)}
2025-05-07 15:59:19,088 - INFO - required_car_parking_space : {np.int64(0): np.int64(0), np.int64(1): np.int64(1)}
2025-05-07 15:59:19,089 - INFO - room_type_reserved : {'Room_Type 1': np.int64(0), 'Room_Type 2': np.int64(1), 'Room_Type 3': np.int64(2), 'Room_Type 4': np.int64(3), 'Room_Type 5': np.int64(4), 'Room_Type 6': np.int64(5), 'Room_Type 7': np.int64(6)}
2025-05-07 15:59:19,089 - INFO - market_segment_type : {'Aviation': np.int64(0), 'Complementary': np.int64(1), 'Corporate': np.int64(2), 'Offline': np.int64(3), 'Online': np.int64(4)}
2025-05-07 15:59:19,089 - INFO - repeated_guest : {np.int64(0): np.int64(0), np.int64(1): np.int64(1)}
2025-05-07 15:59:19,089 - INFO - booking_status : {'Canceled': np.int64(0), 'Not_Canceled': np.int64(1)}
2025-05-07 15:59:19,089 - INFO - Skewness handling
2025-05-07 15:59:19,090 - INFO - Handling Imbalanced data
2025-05-07 15:59:20,572 - INFO - Data balanced succesfully
2025-05-07 15:59:20,573 - INFO - Stating feature selection
2025-05-07 15:59:20,576 - INFO - RandomForest starting...
2025-05-07 15:59:23,518 - INFO - Selecting features
2025-05-07 15:59:23,536 - INFO - Feature selection completed succesfully
2025-05-07 15:59:23,544 - INFO - Saving data in artifacts/preprocessed\train_data.csv
2025-05-07 15:59:23,626 - INFO - Data Saved Succesfully in artifacts/preprocessed\train_data.csv
2025-05-07 15:59:23,626 - INFO - Saving data in artifacts/preprocessed\test_data.csv
2025-05-07 15:59:23,702 - INFO - Data Saved Succesfully in artifacts/preprocessed\test_data.csv
2025-05-07 15:59:23,703 - INFO - Data processing Completed Successfully
2025-05-07 17:10:58,760 - INFO - YAML file config/config.yaml read successfully.
2025-05-07 17:10:58,761 - INFO - loading data from RAW directory
2025-05-07 17:10:58,761 - INFO - Loading data from artifacts/raw\train.csv
2025-05-07 17:10:58,792 - INFO - Loading data from artifacts/raw\test.csv
2025-05-07 17:10:58,801 - INFO - Starting data preprocessing...
2025-05-07 17:10:58,801 - INFO - Dropping unnecessary columns...
2025-05-07 17:10:58,803 - INFO - Dropped duplicate rows.
2025-05-07 17:10:58,812 - INFO - Categorical and numerical columns...
2025-05-07 17:10:58,812 - INFO - Applying label encoding to categorical columns...
2025-05-07 17:10:58,821 - INFO - Labels mappings are: 
2025-05-07 17:10:58,821 - INFO - type_of_meal_plan : {'Meal Plan 1': np.int64(0), 'Meal Plan 2': np.int64(1), 'Meal Plan 3': np.int64(2), 'Not Selected': np.int64(3)}
2025-05-07 17:10:58,821 - INFO - required_car_parking_space : {np.int64(0): np.int64(0), np.int64(1): np.int64(1)}
2025-05-07 17:10:58,821 - INFO - room_type_reserved : {'Room_Type 1': np.int64(0), 'Room_Type 2': np.int64(1), 'Room_Type 3': np.int64(2), 'Room_Type 4': np.int64(3), 'Room_Type 5': np.int64(4), 'Room_Type 6': np.int64(5), 'Room_Type 7': np.int64(6)}
2025-05-07 17:10:58,821 - INFO - market_segment_type : {'Aviation': np.int64(0), 'Complementary': np.int64(1), 'Corporate': np.int64(2), 'Offline': np.int64(3), 'Online': np.int64(4)}
2025-05-07 17:10:58,821 - INFO - repeated_guest : {np.int64(0): np.int64(0), np.int64(1): np.int64(1)}
2025-05-07 17:10:58,821 - INFO - booking_status : {'Canceled': np.int64(0), 'Not_Canceled': np.int64(1)}
2025-05-07 17:10:58,821 - INFO - Skewness handling
2025-05-07 17:10:58,823 - INFO - Starting data preprocessing...
2025-05-07 17:10:58,823 - INFO - Dropping unnecessary columns...
2025-05-07 17:10:58,824 - INFO - Dropped duplicate rows.
2025-05-07 17:10:58,827 - INFO - Categorical and numerical columns...
2025-05-07 17:10:58,827 - INFO - Applying label encoding to categorical columns...
2025-05-07 17:10:58,830 - INFO - Labels mappings are: 
2025-05-07 17:10:58,830 - INFO - type_of_meal_plan : {'Meal Plan 1': np.int64(0), 'Meal Plan 2': np.int64(1), 'Meal Plan 3': np.int64(2), 'Not Selected': np.int64(3)}
2025-05-07 17:10:58,830 - INFO - required_car_parking_space : {np.int64(0): np.int64(0), np.int64(1): np.int64(1)}
2025-05-07 17:10:58,830 - INFO - room_type_reserved : {'Room_Type 1': np.int64(0), 'Room_Type 2': np.int64(1), 'Room_Type 3': np.int64(2), 'Room_Type 4': np.int64(3), 'Room_Type 5': np.int64(4), 'Room_Type 6': np.int64(5), 'Room_Type 7': np.int64(6)}
2025-05-07 17:10:58,830 - INFO - market_segment_type : {'Aviation': np.int64(0), 'Complementary': np.int64(1), 'Corporate': np.int64(2), 'Offline': np.int64(3), 'Online': np.int64(4)}
2025-05-07 17:10:58,830 - INFO - repeated_guest : {np.int64(0): np.int64(0), np.int64(1): np.int64(1)}
2025-05-07 17:10:58,830 - INFO - booking_status : {'Canceled': np.int64(0), 'Not_Canceled': np.int64(1)}
2025-05-07 17:10:58,831 - INFO - Skewness handling
2025-05-07 17:10:58,832 - INFO - Handling Imbalanced data
2025-05-07 17:11:00,240 - INFO - Data balanced succesfully
2025-05-07 17:11:00,241 - INFO - Stating feature selection
2025-05-07 17:11:00,244 - INFO - RandomForest starting...
2025-05-07 17:11:03,038 - INFO - Selecting features
2025-05-07 17:11:03,056 - INFO - Feature selection completed succesfully
2025-05-07 17:11:03,064 - INFO - Saving data in artifacts/preprocessed\train_data.csv
2025-05-07 17:11:03,129 - INFO - Data Saved Succesfully in artifacts/preprocessed\train_data.csv
2025-05-07 17:11:03,129 - INFO - Saving data in artifacts/preprocessed\test_data.csv
2025-05-07 17:11:03,205 - INFO - Data Saved Succesfully in artifacts/preprocessed\test_data.csv
2025-05-07 17:11:03,206 - INFO - Data processing Completed Successfully
2025-05-07 17:15:03,929 - INFO - STARTING MODEL TRAINING PIPELIN
2025-05-07 17:15:03,929 - INFO - Load and Split data Starting...artifacts/preprocessed\train_data.csv
2025-05-07 17:15:03,930 - INFO - Loading data from artifacts/preprocessed\train_data.csv
2025-05-07 17:15:03,952 - INFO - Load and Split data Starting...artifacts/preprocessed\test_data.csv
2025-05-07 17:15:03,952 - INFO - Loading data from artifacts/preprocessed\test_data.csv
2025-05-07 17:15:03,974 - INFO - Data splitted successfully
2025-05-07 17:15:03,974 - INFO - initializing model
2025-05-07 17:15:03,974 - INFO - Tuning Hyperparameters
2025-05-07 17:15:03,974 - INFO - Starting Model TRAINING with Hyperparameters
2025-05-07 17:15:43,520 - INFO - TRAINING Completed
2025-05-07 17:15:43,521 - INFO - Best parameters are: {'boosting_type': 'gbdt', 'learning_rate': np.float64(0.20746557310309), 'max_depth': 28, 'n_estimators': 313, 'num_leaves': 85}
2025-05-07 17:15:43,521 - INFO - We have the model trained
2025-05-07 17:15:43,521 - INFO - Evaluating the model
2025-05-07 17:15:43,636 - INFO - Accuracy Score: 0.990611253364848
2025-05-07 17:15:43,636 - INFO - Precision: 0.9923568557685972
2025-05-07 17:15:43,636 - INFO - Recall : 0.9888385529512179
2025-05-07 17:15:43,636 - INFO - F1 Score: 0.9905945803735859
2025-05-07 17:15:43,636 - INFO - Saving the model...
2025-05-07 17:15:43,672 - INFO - MODEL SAVED
2025-05-07 17:15:43,672 - INFO - MODEL TRAINING PIPELINE COMPLETED SUCCESSFULLY
2025-05-07 17:27:41,690 - INFO - STARTING MODEL TRAINING PIPELINE
2025-05-07 17:27:41,690 - INFO - ML FLOW STARTED
2025-05-07 17:27:41,690 - INFO - LOGGING THE TRAINING AND TESTING DATASET TO MLFLOW
2025-05-07 17:27:41,696 - INFO - Load and Split data Starting...artifacts/preprocessed\train_data.csv
2025-05-07 17:27:41,696 - INFO - Loading data from artifacts/preprocessed\train_data.csv
2025-05-07 17:27:41,714 - INFO - Load and Split data Starting...artifacts/preprocessed\test_data.csv
2025-05-07 17:27:41,714 - INFO - Loading data from artifacts/preprocessed\test_data.csv
2025-05-07 17:27:41,735 - INFO - Data splitted successfully
2025-05-07 17:27:41,735 - INFO - initializing model
2025-05-07 17:27:41,736 - INFO - Tuning Hyperparameters
2025-05-07 17:27:41,736 - INFO - Starting Model TRAINING with Hyperparameters
2025-05-07 17:28:04,382 - INFO - TRAINING Completed
2025-05-07 17:28:04,383 - INFO - Best parameters are: {'boosting_type': 'gbdt', 'learning_rate': np.float64(0.2014852191563399), 'max_depth': 37, 'n_estimators': 353, 'num_leaves': 61}
2025-05-07 17:28:04,383 - INFO - We have the model trained
2025-05-07 17:28:04,383 - INFO - Evaluating the model
2025-05-07 17:28:04,484 - INFO - Accuracy Score: 0.9858183966909593
2025-05-07 17:28:04,484 - INFO - Precision: 0.9886416165885228
2025-05-07 17:28:04,484 - INFO - Recall : 0.9829295515724509
2025-05-07 17:28:04,484 - INFO - F1 Score: 0.9857773095410548
2025-05-07 17:28:04,484 - INFO - Saving the model...
2025-05-07 17:28:04,514 - INFO - MODEL SAVED
2025-05-07 17:28:04,514 - INFO - LOGGIN THE MODEL WITH MLFLOW AND BEST PARAMS
2025-05-07 17:28:04,544 - INFO - LOGGIN METRICS
2025-05-07 17:28:04,549 - INFO - MODEL TRAINING PIPELINE COMPLETED SUCCESSFULLY
2025-05-07 17:33:36,660 - INFO - STARTING MODEL TRAINING PIPELINE
2025-05-07 17:33:36,661 - INFO - ML FLOW STARTED
2025-05-07 17:33:36,661 - INFO - LOGGING THE TRAINING AND TESTING DATASET TO MLFLOW
2025-05-07 17:33:36,669 - INFO - Load and Split data Starting...artifacts/preprocessed\train_data.csv
2025-05-07 17:33:36,669 - INFO - Loading data from artifacts/preprocessed\train_data.csv
2025-05-07 17:33:36,693 - INFO - Load and Split data Starting...artifacts/preprocessed\test_data.csv
2025-05-07 17:33:36,693 - INFO - Loading data from artifacts/preprocessed\test_data.csv
2025-05-07 17:33:36,721 - INFO - Data splitted successfully
2025-05-07 17:33:36,721 - INFO - initializing model
2025-05-07 17:33:36,722 - INFO - Tuning Hyperparameters
2025-05-07 17:33:36,722 - INFO - Starting Model TRAINING with Hyperparameters
2025-05-07 17:34:18,205 - INFO - TRAINING Completed
2025-05-07 17:34:18,205 - INFO - Best parameters are: {'boosting_type': 'goss', 'learning_rate': np.float64(0.05998912135313354), 'max_depth': 22, 'n_estimators': 277, 'num_leaves': 77}
2025-05-07 17:34:18,206 - INFO - We have the model trained
2025-05-07 17:34:18,206 - INFO - Evaluating the model
2025-05-07 17:34:18,485 - INFO - Accuracy Score: 0.9363469240365045
2025-05-07 17:34:18,485 - INFO - Precision: 0.938217064486351
2025-05-07 17:34:18,485 - INFO - Recall : 0.9342131179830608
2025-05-07 17:34:18,485 - INFO - F1 Score: 0.93621081027733
2025-05-07 17:34:18,485 - INFO - Saving the model...
2025-05-07 17:34:18,546 - INFO - MODEL SAVED
2025-05-07 17:34:18,546 - INFO - LOGGIN THE MODEL WITH MLFLOW AND BEST PARAMS
2025-05-07 17:34:18,614 - INFO - LOGGIN METRICS WITH MLFLOW
2025-05-07 17:34:18,628 - INFO - MODEL TRAINING PIPELINE COMPLETED SUCCESSFULLY
